ClassroomProv4
c1198 c641 c740 c679 c874 c920 c184 c664 c1324 c4 c736 c956 c963 c212 c845 c701 c135 c1065 c899 c800 c551 c675 c1383 c737 c1257 c107 c1285 c1105 c615 c398 c1194 c1308 c425 c320 c517 c491 c26 c95 c960
ChromecastNextv2
c660 c268 c642 c960 c193 c1384 c708 c629 c808 c899 c1474 c1124 c419 c1049 c1383 c121 c1194 c8 c1399 c135 c1292 c524 c63 c185 c668 c563 c491 c45 c1479 c1345 c1499 c1065 c1353 c1058 c1476 c824 
GameZv2
c1324 c1198 c570 c1169 c708 c847 c587 c670 c1321 c850 c1170 c63 c1237 c1105 c641 c531 c1129 c767 c343 c461 c527 c1124 c193 c1308 c121 c907
ReleaseMaxv8
c383 c1308 c313 c1321 c1193 c956 c531 c657 c26 c179 c4 c1128 c856 c675 c588 c904 c1106 c425 c491 c641 c1388 c193 c1237 c551 c850
AssistantSv6
c1124 c1130 c425 c1183 c904 c1237 c701 c850 c1205 c271 c856 c1285 c215 c1198 c608 c986 c26 c907 c663 c641 c668 c1399 c499 c874 c963 c531 c1446 c949 c4 c642 c1042 c83 c1094 c331 c1383 c1111 c512 c326 c63 c1194 c726 c1324 c76 c828 c587
LoggingUltrav4
c1042 c1170 c675 c1169 c1183 c956 c184 c899 c641 c955 c1456 c212 c461 c337 c1314 c531 c653 c107 c63 c737 c856 c1094 c111 c1198 c920 c271 c320 c949 c1295 c1110 c960 c499 c874 c137 c845 c1237 c1446 c489
WearOSMaxv1
c326 c538 c122 c953 c874 c1058 c962 c660 c1042 c920 c1456 c383 c1158 c666 c657 c587 c341 c305 c343 c563 c512 c27 c473 c1169 c529 c905 c268 c558 c726 c8 c608 c193 c668 c561 c570 c1201 c168 c388 c1383 c185 c677 c219 c1128 c68 c517 c537 c702 c766 c1424 c1434 c1187 c629 c169 c1349 c578
MapsUltrav8
c83 c26 c193 c760 c960 c708 c44 c1321 c235 c1130 c1440 c587 c1456 c271 c1383 c1169 c382 c135 c874 c491 c642 c1193 c852 c1295 c517 c1094 c1029 c657 c1324 c4 c986 c375 c512 c899 c368 c847 c845 c1251 c331 c1308 c270 c1170 c1388 c558 c12 c1124 c1205 c955 c204 c962 c169 c107 c533
ChromecastZv5
c653 c1105 c1169 c670 c1170 c1349 c852 c271 c1134 c270 c1198 c1079 c63 c200 c204 c44 c608 c1205 c668 c512 c137 c144 c179 c587 c461 c0 c1124 c1324 c1308 c343 c320 c111 c963 c1094 c563 c920 c4 c960 c551 c955 c530
ExploreZv2
c1194 c642 c183 c1110 c271 c331 c668 c999 c641 c608 c663 c1456 c1124 c368 c1193 c44 c1295 c1345 c26 c442 c670 c852 c215 c1321 c1292 c83 c343 c1484 c491 c1130 c920 c531 c1198 c955 c135 c1079 c1490 c454 c563 c425 c341 c697 c185 c843 c184 c11 c1094 c856 c963 c12 c1237 c1446 c1205 c529 c1157 c394
AndroidSv7
c1105 c212 c653 c44 c1470 c850 c1349 c1049 c664 c235 c587 c193 c1321 c382 c1074 c1055 c670 c736 c1193 c882 c313 c853 c852 c1198 c563
CastOSXv2
c736 c962 c376 c608 c1205 c641 c551 c612 c1308 c44 c135 c386 c537 c107 c653 c1292 c4 c1257 c368 c882 c538 c531
ChromeSv2
c491 c621 c512 c515 c529 c1484 c1292 c1079 c1237 c461 c331 c212 c1383 c653 c121 c1442 c531 c670 c1446 c179 c1124 c337 c268 c641 c632 c551 c107 c1324 c1398 c1193 c824 c858 c527 c1262 c1183 c558 c766 c962 c538 c1058 c383 c563 c341 c1480 c666 c668 c587 c499 c1144 c375 c368
ImagesSv4
c920 c1232 c1193 c1324 c454 c530 c641 c850 c55 c1042 c1321 c1308 c955 c107 c1105 c960 c653 c376 c1138 c184 c1067 c1257 c63 c1170 c737 c1130 c183 c899 c219 c551 c337 c1194 c670 c956 c499 c1124 c527 c212 c1251 c874 c473 c368 c608 c1157 c708 c388 c4 c383 c963 c1399 c1055 c847 c529
BooksUltrav6
c587 c824 c657 c331 c531 c850 c664 c1125 c660 c702 c1480 c920 c161 c1169 c383 c376 c76 c1434 c63 c179 c1383 c987 c1262 c1163 c1232 c874 c856 c512 c1291 c668 c1170 c1446 c268 c570 c1314 c1194 c708 c995 c1237 c1231 c999 c1308 c1382 c489 c204 c1129 c1345 c555 c526 c588 c544
BooksXv3
c1456 c1292 c193 c1232 c76 c185 c920 c63 c1042 c955 c473 c1193 c1205 c512 c388 c215 c561 c722 c668 c1079
AlertsZv3
c1383 c963 c425 c1194 c76 c1130 c1285 c386 c960 c1193 c1321 c1484 c531 c675 c1456 c1198 c4 c375 c1295 c1232 c55 c740
FormsProv2
c185 c675 c558 c766 c313 c1183 c1111 c1198 c657 c212 c1194 c824 c531 c660 c526 c537 c4 c1124 c641 c664 c1314 c1322
StreamXv2
c737 c856 c1128 c1281 c26 c1111 c337 c343 c963 c1345 c386 c271 c1295 c512 c1110 c212 c657 c1321 c1399 c1170 c425 c708 c55 c653 c313 c670 c331 c1183 c641 c910 c621 c341 c760 c1013 c388 c1042 c63 c955 c1194 c1079 c1198 c529 c563 c12 c677 c1446 c1456 c1124 c1237 c1470 c83 c1480 c1246 c383 c920
StreamZv6
c962 c473 c531 c529 c856 c1383 c1271 c83 c26 c538 c215 c121 c313 c44 c1321 c1065 c920 c1042 c850 c1281 c144 c331 c394 c111 c907 c1442 c1198 c386 c657 c1128 c383 c675 c708 c587 c653 c1194 c1079 c899 c1262 c193 c212 c824 c663 c787 c461 c12 c185 c1292 c1205 c561 c382 c1398
SmartLitev2
c808 c372 c737 c587 c657 c850 c570 c592 c1074 c142 c462 c874 c1205 c1444 c608 c563 c145 c489 c383 c107 c1499 c268 c344 c693 c677
FormsNextv5
c26 c1169 c1383 c874 c852 c653 c1205 c1324 c219 c367 c144 c1124 c1170 c107 c169 c491 c44 c999 c963 c1163 c1308 c1194 c270 c83 c1253 c461 c204 c736 c161 c343 c1046 c740 c184 c283 c664 c851 c12 c933 c1065 c185 c337 c398 c697 c0 c212 c1183 c1049 c551 c1262 c845 c1105 c615 c1251 c701 c183
ConnectNextv4
c907 c641 c1124 c1237 c1205 c83 c986 c193 c1049 c204 c664 c341 c1194 c517 c736 c473 c121 c1324 c663 c1345 c1198 c26 c760 c44 c904 c4 c489 c313 c1193 c563 c1446 c1083 c531 c1161 c122 c368 c1138 c960
VoiceLitev9
c185 c341 c1383 c570 c512 c95 c212 c899 c111 c1295 c4 c376 c850 c1110 c1446 c1187 c1321 c1439 c664 c754 c629 c250 c461 c142 c1384 c854 c1464 c268 c787 c1484
PhotoZv5
c701 c856 c271 c63 c1094 c1237 c1163 c461 c425 c1042 c1316 c4 c663 c561 c963 c1193 c337 c1345 c1205 c641 c1321 c283 c313 c920 c341 c1484 c847 c668 c708 c679
SitesXv7
c184 c708 c1130 c55 c320 c963 c121 c26 c642 c1237 c1081 c920 c845 c1105 c185 c701 c491 c874 c107 c1193 c83 c1183 c1169 c263
PixelMaxv2
c907 c899 c1237 c533 c1262 c663 c26 c845 c1398 c425 c1244 c1105 c736 c1111 c641 c675 c531 c904 c337 c179 c1065 c1130 c461 c999 c313 c1324 c454 c653 c1193 c1074 c1183 c386 c1170 c1314 c1295 c1345 c621 c1271 c1484 c1042 c271 c169
ReleaseZv9
c608 c442 c615 c12 c1105 c527 c337 c1193 c963 c675 c193 c587 c956 c1079 c1324 c834 c920 c270 c533 c1251 c641 c313 c1027 c1205 c212 c76 c1124 c320 c1295 c668 c1049 c184 c899 c1183 c204 c1198 c219 c26 c512 c454 c1163 c799 c670 c642 c1042 c1316 c1456 c55 c531
AndroidAutoUltrav1
c1237 c1308 c1183 c608 c963 c26 c491 c270 c483 c845 c212 c850 c1456 c192 c517 c121 c1383 c668 c587 c55 c95 c111 c670 c960 c343 c1042 c313 c1295 c1105 c122 c907 c551 c531 c847 c1257 c828
AndroidLitev9
c1285 c76 c1324 c679 c184 c1138 c907 c121 c212 c1440 c179 c955 c193 c4 c675 c1237 c740 c1183 c920 c1193 c512 c999 c1321 c185 c461 c755 c1349
