ClassroomProv4
c1198 c641 c740 c679 c874 c920 c184 c664 c1324 c4 c736 c956 c963 c212 c845 c701 c135 c1065 c899 c800 c551 c675 c1383 c737 c1257 c107 c1285 c1105 c615 c398 c1194 c1308 c425 c320 c517 c491 c26 c95 c960
ChromecastNextv2
c660 c268 c642 c960 c193 c1384 c708 c629 c808 c899 c1474 c1124 c419 c1049 c1383 c121 c1194 c8 c1399 c135 c1292 c524 c63 c185 c668 c563 c491 c45 c1479 c1345 c1499 c1065 c1353 c1058 c1476 c824 
GameZv2
c1324 c1198 c570 c1169 c708 c847 c587 c670 c1321 c850 c1170 c63 c1237 c1105 c641 c531 c1129 c767 c343 c461 c527 c1124 c193 c1308 c121 c907
ReleaseMaxv8
c383 c1308 c313 c1321 c1193 c956 c531 c657 c26 c179 c4 c1128 c856 c675 c588 c904 c1106 c425 c491 c641 c1388 c193 c1237 c551 c850
AssistantSv6
c1124 c1130 c425 c1183 c904 c1237 c701 c850 c1205 c271 c856 c1285 c215 c1198 c608 c986 c26 c907 c663 c641 c668 c1399 c499 c874 c963 c531 c1446 c949 c4 c642 c1042 c83 c1094 c331 c1383 c1111 c512 c326 c63 c1194 c726 c1324 c76 c828 c587
LoggingUltrav4
c1042 c1170 c675 c1169 c1183 c956 c184 c899 c641 c955 c1456 c212 c461 c337 c1314 c531 c653 c107 c63 c737 c856 c1094 c111 c1198 c920 c271 c320 c949 c1295 c1110 c960 c499 c874 c137 c845 c1237 c1446 c489
WearOSMaxv1
c326 c538 c122 c953 c874 c1058 c962 c660 c1042 c920 c1456 c383 c1158 c666 c657 c587 c341 c305 c343 c563 c512 c27 c473 c1169 c529 c905 c268 c558 c726 c8 c608 c193 c668 c561 c570 c1201 c168 c388 c1383 c185 c677 c219 c1128 c68 c517 c537 c702 c766 c1424 c1434 c1187 c629 c169 c1349 c578
MapsUltrav8
c83 c26 c193 c760 c960 c708 c44 c1321 c235 c1130 c1440 c587 c1456 c271 c1383 c1169 c382 c135 c874 c491 c642 c1193 c852 c1295 c517 c1094 c1029 c657 c1324 c4 c986 c375 c512 c899 c368 c847 c845 c1251 c331 c1308 c270 c1170 c1388 c558 c12 c1124 c1205 c955 c204 c962 c169 c107 c533
ChromecastZv5
c653 c1105 c1169 c670 c1170 c1349 c852 c271 c1134 c270 c1198 c1079 c63 c200 c204 c44 c608 c1205 c668 c512 c137 c144 c179 c587 c461 c0 c1124 c1324 c1308 c343 c320 c111 c963 c1094 c563 c920 c4 c960 c551 c955 c530
ExploreZv2
c1194 c642 c183 c1110 c271 c331 c668 c999 c641 c608 c663 c1456 c1124 c368 c1193 c44 c1295 c1345 c26 c442 c670 c852 c215 c1321 c1292 c83 c343 c1484 c491 c1130 c920 c531 c1198 c955 c135 c1079 c1490 c454 c563 c425 c341 c697 c185 c843 c184 c11 c1094 c856 c963 c12 c1237 c1446 c1205 c529 c1157 c394
AndroidSv7
c1105 c212 c653 c44 c1470 c850 c1349 c1049 c664 c235 c587 c193 c1321 c382 c1074 c1055 c670 c736 c1193 c882 c313 c853 c852 c1198 c563
CastOSXv2
c736 c962 c376 c608 c1205 c641 c551 c612 c1308 c44 c135 c386 c537 c107 c653 c1292 c4 c1257 c368 c882 c538 c531
ChromeSv2
c491 c621 c512 c515 c529 c1484 c1292 c1079 c1237 c461 c331 c212 c1383 c653 c121 c1442 c531 c670 c1446 c179 c1124 c337 c268 c641 c632 c551 c107 c1324 c1398 c1193 c824 c858 c527 c1262 c1183 c558 c766 c962 c538 c1058 c383 c563 c341 c1480 c666 c668 c587 c499 c1144 c375 c368
ImagesSv4
c920 c1232 c1193 c1324 c454 c530 c641 c850 c55 c1042 c1321 c1308 c955 c107 c1105 c960 c653 c376 c1138 c184 c1067 c1257 c63 c1170 c737 c1130 c183 c899 c219 c551 c337 c1194 c670 c956 c499 c1124 c527 c212 c1251 c874 c473 c368 c608 c1157 c708 c388 c4 c383 c963 c1399 c1055 c847 c529
BooksUltrav6
c587 c824 c657 c331 c531 c850 c664 c1125 c660 c702 c1480 c920 c161 c1169 c383 c376 c76 c1434 c63 c179 c1383 c987 c1262 c1163 c1232 c874 c856 c512 c1291 c668 c1170 c1446 c268 c570 c1314 c1194 c708 c995 c1237 c1231 c999 c1308 c1382 c489 c204 c1129 c1345 c555 c526 c588 c544
BooksXv3
c1456 c1292 c193 c1232 c76 c185 c920 c63 c1042 c955 c473 c1193 c1205 c512 c388 c215 c561 c722 c668 c1079
AlertsZv3
c1383 c963 c425 c1194 c76 c1130 c1285 c386 c960 c1193 c1321 c1484 c531 c675 c1456 c1198 c4 c375 c1295 c1232 c55 c740
FormsProv2
c185 c675 c558 c766 c313 c1183 c1111 c1198 c657 c212 c1194 c824 c531 c660 c526 c537 c4 c1124 c641 c664 c1314 c1322
StreamXv2
c737 c856 c1128 c1281 c26 c1111 c337 c343 c963 c1345 c386 c271 c1295 c512 c1110 c212 c657 c1321 c1399 c1170 c425 c708 c55 c653 c313 c670 c331 c1183 c641 c910 c621 c341 c760 c1013 c388 c1042 c63 c955 c1194 c1079 c1198 c529 c563 c12 c677 c1446 c1456 c1124 c1237 c1470 c83 c1480 c1246 c383 c920
StreamZv6
c962 c473 c531 c529 c856 c1383 c1271 c83 c26 c538 c215 c121 c313 c44 c1321 c1065 c920 c1042 c850 c1281 c144 c331 c394 c111 c907 c1442 c1198 c386 c657 c1128 c383 c675 c708 c587 c653 c1194 c1079 c899 c1262 c193 c212 c824 c663 c787 c461 c12 c185 c1292 c1205 c561 c382 c1398
SmartLitev2
c808 c372 c737 c587 c657 c850 c570 c592 c1074 c142 c462 c874 c1205 c1444 c608 c563 c145 c489 c383 c107 c1499 c268 c344 c693 c677
FormsNextv5
c26 c1169 c1383 c874 c852 c653 c1205 c1324 c219 c367 c144 c1124 c1170 c107 c169 c491 c44 c999 c963 c1163 c1308 c1194 c270 c83 c1253 c461 c204 c736 c161 c343 c1046 c740 c184 c283 c664 c851 c12 c933 c1065 c185 c337 c398 c697 c0 c212 c1183 c1049 c551 c1262 c845 c1105 c615 c1251 c701 c183
ConnectNextv4
c907 c641 c1124 c1237 c1205 c83 c986 c193 c1049 c204 c664 c341 c1194 c517 c736 c473 c121 c1324 c663 c1345 c1198 c26 c760 c44 c904 c4 c489 c313 c1193 c563 c1446 c1083 c531 c1161 c122 c368 c1138 c960
VoiceLitev9
c185 c341 c1383 c570 c512 c95 c212 c899 c111 c1295 c4 c376 c850 c1110 c1446 c1187 c1321 c1439 c664 c754 c629 c250 c461 c142 c1384 c854 c1464 c268 c787 c1484
PhotoZv5
c701 c856 c271 c63 c1094 c1237 c1163 c461 c425 c1042 c1316 c4 c663 c561 c963 c1193 c337 c1345 c1205 c641 c1321 c283 c313 c920 c341 c1484 c847 c668 c708 c679
SitesXv7
c184 c708 c1130 c55 c320 c963 c121 c26 c642 c1237 c1081 c920 c845 c1105 c185 c701 c491 c874 c107 c1193 c83 c1183 c1169 c263
PixelMaxv2
c907 c899 c1237 c533 c1262 c663 c26 c845 c1398 c425 c1244 c1105 c736 c1111 c641 c675 c531 c904 c337 c179 c1065 c1130 c461 c999 c313 c1324 c454 c653 c1193 c1074 c1183 c386 c1170 c1314 c1295 c1345 c621 c1271 c1484 c1042 c271 c169
ReleaseZv9
c608 c442 c615 c12 c1105 c527 c337 c1193 c963 c675 c193 c587 c956 c1079 c1324 c834 c920 c270 c533 c1251 c641 c313 c1027 c1205 c212 c76 c1124 c320 c1295 c668 c1049 c184 c899 c1183 c204 c1198 c219 c26 c512 c454 c1163 c799 c670 c642 c1042 c1316 c1456 c55 c531
AndroidAutoUltrav1
c1237 c1308 c1183 c608 c963 c26 c491 c270 c483 c845 c212 c850 c1456 c192 c517 c121 c1383 c668 c587 c55 c95 c111 c670 c960 c343 c1042 c313 c1295 c1105 c122 c907 c551 c531 c847 c1257 c828
AndroidLitev9
c1285 c76 c1324 c679 c184 c1138 c907 c121 c212 c1440 c179 c955 c193 c4 c675 c1237 c740 c1183 c920 c1193 c512 c999 c1321 c185 c461 c755 c1349
LearnProv6
c1308 c219 c1193 c587 c0 c270 c1198 c4 c12 c1124 c533 c641 c1446 c1105 c48 c527 c1170 c850 c949 c551 c204 c1324 c1234 c668 c512 c856 c530 c76 c135 c1295 c1321 c461 c738 c615 c845 c1349 c41 c1237 c185 c368 c828 c1183 c184 c55 c179 c44 c491 c83 c271 c343
DrawingsLitev8
c83 c135 c1271 c383 c920 c1257 c664 c904 c1049 c1194 c375 c268 c1446 c621 c808 c641 c425 c737 c1048 c1244 c1398 c212 c161 c95 c531 c1124 c144 c787 c963 c608 c44 c185 c1042 c4 c663 c1262 c587 c1281 c1105 c1314 c537 c1251 c856 c1295 c1292 c368 c736 c473 c632 c551 c939 c1169
ConnectUltrav5
c1198 c160 c563 c1205 c1446 c192 c1308 c754 c1232 c578 c1079 c1474 c955 c1194 c824 c561 c862 c882 c4 c157 c1480 c551 c168 c1193 c899 c641 c1456 c169 c670
TranslateNextv9
c533 c853 c1456 c675 c271 c1459 c382 c1124 c341 c1237 c641 c4 c874 c766 c1399 c526 c551 c1049 c212 c808 c18 c179 c169 c193 c845 c955 c1079 c1308
BloggerNextv6
c1198 c337 c1295 c1399 c608 c1055 c4 c137 c529 c1079 c212 c907 c1074 c824 c386 c425 c268 c1459 c76 c185 c701 c512 c1322 c1124 c533 c1237 c157 c161 c1105
ArtsZv2
c679 c736 c44 c563 c1128 c1169 c1105 c1205 c641 c193 c874 c1237 c473 c737 c1484 c499 c664 c551 c1244 c160 c268 c1262 c955 c962 c331 c668 c1383 c517 c558 c1048 c653 c904 c526 c1251 c1130 c121 c337 c561 c376 c92 c386 c135 c1292 c271 c1110 c1285 c512 c4 c1049 c1295 c1499 c1308 c1446 c425 c212
DatasetSearchNextv3
c899 c850 c632 c1399 c527 c736 c483 c1124 c920 c664 c675 c1262 c489 c1198 c83 c1098 c204 c999 c219 c44 c4 c107 c641 c612 c1074 c538 c425 c383 c1321 c193 c587 c963 c1257 c1170 c529
NewsZv2
c337 c1049 c1124 c533 c1321 c736 c1055 c4 c955 c83 c394 c193 c621 c1322 c1105 c1251 c1345 c12 c1193 c1285 c383 c1130 c904 c766 c526 c675 c367 c697
WebserverMaxv3
c1086 c512 c489 c1198 c1251 c708 c529 c1049 c1314 c160 c1048 c193 c473 c1499 c397 c419 c668 c933 c46 c1484 c1281 c169 c1232 c517 c850 c1074 c995 c544 c111 c1460 c874
SlidesXv7
c1262 c608 c313 c144 c953 c1281 c668 c341 c1042 c185 c399 c657 c179 c1229 c1353 c1145 c642 c331 c899 c1193 c874 c1459 c1251 c192 c1198 c45 c603 c1349 c383 c612 c372 c376 c1125 c375 c411 c951 c970 c1308 c717 c1049 c1205 c1322 c135 c1232 c322 c111 c920 c44 c76 c305 c1398 
PatentsLitev7
c135 c1169 c955 c856 c960 c850 c551 c179 c1244 c920 c383 c271 c668 c670 c515 c874 c1470 c1194 c1170 c1399 c461 c608 c121 c1193 c1324 c527 c1049 c1079 c30 c529 c824 c1314 c1074 c1163 c192 c212 c664 c1322 c483 c663 c1345 c12 c1308 c331 c1157
SlidesZv6
c185 c587 c1399 c701 c1193 c963 c653 c1124 c198 c83 c1205 c1042 c271 c856 c738 c1198 c697 c1094 c740 c663 c1324 c1446 c533 c283 c615 c850 c4 c1170 c48 c184 c999 c962 c1105 c219 c736 c313 c517 c1308 c1065 c1183 c121
PatentsLitev8
c111 c1321 c675 c1094 c1194 c219 c531 c738 c1324 c63 c737 c461 c1130 c701 c563 c1446 c1257 c664 c368 c44 c907 c499 c398 c708 c955 c135 c179 c1138 c313 c529 c193 c1079 c956 c533 c1110 c107 c55 c1456 c1042 c530 c561 c663 c1399 c1049 c963 c642 c1237 c641 c1205
SantaTrackerSv6
c192 c316 c641 c1237 c1124 c563 c1205 c1231 c473 c755 c737 c962 c1142 c322 c1474 c660 c664 c1193 c933 c1158 c676 c1125 c657 c527 c1459 c776 c343 c1049 c1048 c693 c1345
CurrentsXv5
c343 c668 c907 c1321 c12 c740 c1285 c376 c608 c185 c111 c512 c1361 c517 c963 c1198 c847 c1456 c461 c63 c83 c1251 c95 c1170 c193 c1194 c491 c4 c270 c653 c200 c26 c675 c920 c874
NewsZv4
c107 c375 c337 c737 c1198 c899 c529 c824 c268 c499 c736 c738 c664 c204 c537 c1083 c1079 c558 c668 c1446 c491 c4 c1388 c1345 c425 c512 c1237 c563 c853 c95 c1058 c331 c76 c1308 c26 c121 c1183 c852 c1456 c531 c316 c1081 c802 c1262 c1285 
ShoppingUltrav8
c899 c1257 c1205 c1042 c169 c1295 c55 c1105 c185 c517 c499 c1314 c1456 c1183 c1285 c337 c856 c1237 c1130 c1440 c1308 c368 c963 c1157 c1079 c184
MarsProv2
c4 c1205 c1308 c737 c679 c670 c337 c1446 c1198 c1079 c1194 c847 c920 c615 c1316 c845 c41 c1262 c1193 c527 c83 c313 c736 c169 c663 c530 c1257 c1321 c874 c642 c1124 c899 c320 c955
LoggingUltrav9
c1281 c313 c169 c26 c135 c1105 c847 c1049 c454 c808 c425 c1308 c1446 c1042 c1094 c615 c828 c271 c1398
ShoppingUltrav6
c664 c874 c1169 c1308 c1124 c726 c533 c1292 c737 c1129 c1383 c491 c454 c834 c850 c1295 c856 c920 c847 c26 c1324 c1205 c83 c587 c963 c799 c107 c670 c1198 c1281 c111 c1257 c956 c137 c1170 c1237 c184 c76 c499 c653 c907 c44 c531 c1193 c517
StreamUltrav2
c1198 c740 c271 c382 c1194 c874 c1324 c963 c558 c828 c847 c375 c215 c1271 c121 c386 c653 c664 c920 c212 c1308 c608 c907 c587 c454 c956 c1067 c533 c337 c1456 c1193 c1257 c899 c1055 c526 c368 c1183 c1130 c4 c1065 c1285 c184 c204 c1042 c852
WebserverZv3
c933 c397 c1480 c668 c44 c999 c892 c212 c710 c383 c268 c1058 c531 c1308 c588 c55 c1314 c850 c963 c951 c1237 c144 c676 c1349 c1424 c657 c61 c313 c477 c677 c135 c1232 c185 c1479 c551 c1253 c95 c587 c368 c882 c808 c708 c529
MapsLitev1
c425 c1232 c653 c949 c551 c76 c454 c1321 c1237 c1130 c530 c219 c1169 c755 c1456 c184 c4 c834 c1205 c271 c615 c179 c121
MapsZv4
c1232 c663 c856 c608 c907 c1042 c949 c708 c320 c63 c1456 c955 c383 c904 c874 c137 c736 c185 c121 c587 c1157 c531 c268 c1194 c512 c331 c1079 c1281 c1446 c999 c83 c1257 c642 c76 c653 c425 c710 c41 c845
CurrentsLitev2
c852 c1042 c1079 c1169 c1295 c642 c1446 c701 c736 c1194 c1130 c530 c641 c1308 c1183 c907 c1456 c531 c1321 c963 c1124 c454 c121 c1170 c956 c675 c55 c920 c1285 c271 c670 c664 c179 c663 c615 c76
AndroidTVSv9
c512 c563 c1124 c587 c987 c1205 c1183 c738 c856 c531 c331 c852 c955 c874 c675 c122 c215 c375 c850 c708 c483 c144 c388
FinanceLitev1
c26 c1321 c1456 c183 c135 c963 c219 c736 c737 c587 c1130 c850 c1237 c845 c874 c1105 c45 c1183 c668 c960 c615 c184 c670 c1324 c1257 c1205 c1081 c755 c198 c533 c215 c76 c1094 c337
LoggingProv9
c41 c899 c1324 c1094 c1042 c219 c26 c491 c44 c834 c1446 c874 c121 c270 c701 c1383 c1079 c425 c679 c4 c63 c331 c1081 c1106 c907 c320 c235 c615 c736 c663 c313 c664 c852 c343 c337 c642 c271 c1194 c708 c1157 c1285 c1170 c137 c1169 c55 c1065
CurrentsXv7
c1042 c587 c1295 c331 c533 c963 c563 c26 c899 c212 c960 c666 c313 c847 c538 c529 c63 c316 c341 c1170 c454 c4 c657 c491 c760 c738 c1440 c517 c1048 c874 c1308 c388 c235 c955 c144 c641 c1246 c1193 c461 c121 c95 c675 c185 c44 c708 c1124 c76 c1194
NewsXv4
c44 c1169 c1079 c642 c1308 c454 c907 c675 c1094 c442 c999 c899 c533 c185 c491 c1237 c1446 c1198 c212 c963 c664 c1124 c1456 c111 c270 c83 c461 c4 c615 c1262 c845 c1183 c874 c121 c670 c198 c1105 c1157 c920 c183
MarsNextv7
c45 c491 c1398 c608 c344 c92 c1058 c399 c1124 c668 c642 c391 c558 c1079 c268 c375 c657 c1484 c1253 c1125 c538 c1100 c316 c187 c708 c1459 c44
DocsZv8
c375 c663 c144 c83 c316 c675 c587 c107 c376 c512 c1042 c668 c1295 c1183 c962 c708 c561 c1308 c1170 c1124 c955 c526 c1345 c12 c621 c660 c63 c1271 c26 c243
SearchSv2
c955 c454 c121 c368 c1170 c1321 c382 c1251 c425 c874 c135 c538 c1074 c376 c1308 c933 c675 c394 c183 c1456 c1237 c531 c1324 c845 c461 c1193 c963 c558 c668 c987 c1157 c1232 c1257 c587 c337 c1079 c169 c217 c828 c1262 c386 c529 c1128 c63 c1295 c1049 c192
PhotoSv9
c121 c527 c442 c1198 c185 c955 c701 c1308 c1349 c55 c1446 c845 c193 c179 c963 c1321 c1130 c1295 c641 c1194 c83 c425 c670 c529 c107 c740 c587 c738 c1237 c1169 c1081 c1484 c1042 c1324 c956 c675 c1065 c382 c1262 c530 c313 c664 c1383 c215 c26 c1183 c1170 c1116 c1094 c960 c874 c491 c122
YouTubeMaxv8
c955 c675 c963 c904 c1314 c621 c1321 c1446 c491 c1257 c737 c677 c1081 c653 c1484 c527 c1399 c563 c1324 c483 c63 c1281 c668 c551 c375 c76 c708 c1295 c670 c184 c920 c995 c526 c515 c107
FlightsSv2
c204 c736 c1321 c26 c708 c1065 c4 c1262 c1193 c1446 c491 c800 c845 c587 c955 c1130 c135 c44 c1105 c920 c313 c663 c956 c83 c1251 c1183 c1399 c1124 c1232 c271 c999 c45 c664 c641 c1349 c1170 c111 c76 c668 c856 c1198 c121 c331 c960 c527 c642 c368 c899
StadiaProv2
c663 c1111 c529 c668 c331 c121 c1321 c563 c313 c394 c4 c1205 c677 c843 c670 c491 c558 c1324 c1349 c1042 c185 c642 c95 c1292 c388 c708 c83 c767
SitesProv9
c1079 c1055 c670 c313 c1308 c368 c1399 c483 c1321 c612 c1470 c341 c663 c708 c920 c1480 c212 c874 c517 c933 c121 c192 c847 c641 c1193 c376 c316 c1251 c1105 c1194 c383 c512 c1484 c1049 c529 c491 c386 c675 c1110 c1183
SearchNextv4
c551 c1446 c653 c1129 c44 c1322 c0 c563 c512 c641 c853 c1237 c30 c1105 c999 c852 c1499 c858 c899 c1013 c1183 c382 c1163 c642 c212 c1459 c483
StorageUltrav2
c668 c664 c963 c920 c1170 c1130 c313 c1027 c960 c271 c1042 c107 c670 c121 c425 c1295 c1067 c1308 c856 c1321 c1251 c1124 c587 c185 c44 c343 c1138 c531 c1198 c1193 c1285 c561 c1079 c1094 c641 c4 c653 c530 c193 c198
VoiceXv4
c1399 c1193 c160 c375 c587 c531 c1271 c316 c621 c608 c1398 c55 c663 c185 c738 c1456 c760 c551 c1111 c212 c1163 c708 c193 c1484 c612 c874 c1383 c157 c1183 c664 c76 c824 c44 c161 c1049 c1322 c960 c383 c920 c489 c563 c999 c179 c219
SlidesMaxv6
c204 c1058 c1271 c960 c1124 c1170 c1193 c1169 c111 c904 c563 c1183 c760 c313 c1476 c4 c489 c83 c368 c1446 c1484 c1479 c905 c675 c343 c12 c850 c726 c920 c61 c394 c677 c529 c461 c668 c955 c515 c44 c144 c95 c1383 c92 c168 c1223 c1087 c375 c664 c632 c1027 c1464 c987
KeepNextv5
c313 c710 c121 c1345 c358 c638 c962 c531 c4 c670 c664 c382 c343 c592 c1292 c1398 c933 c1459 c726 c461 c1439 c383 c1049 c1142 c1125 c642 c376 c1322 c1237 c668 c874 c526
VoiceNextv7
c531 c1237 c121 c169 c533 c1205 c26 c563 c512 c76 c949 c874 c737 c1262 c1163 c850 c55 c852 c184 c1251 c1193 c313 c63 c1194 c675 c1124 c653 c1079 c368 c107 c83 c1295 c212 c856
ImagesNextv7
c920 c1251 c313 c558 c383 c1169 c1049 c212 c491 c121 c358 c963 c1105 c951 c708 c563 c677 c1479 c531 c46 c1398 c1086 c44 c1194 c1480 c1253 c856 c1106 c473 c710 c653 c668 c526 c1193 c1292 c882 c1451 c1087 c1229 c331 c204 c852 c1223 c1459 c1349 c343 c853 c1100 c122 c962 c534 c15 c960
DuoProv6
c1384 c1345 c862 c1152 c55 c790 c657 c638 c1398 c121 c1048 c987 c44 c1237 c1128 c787 c515 c399 c524 c710 c737 c668
ChromecastNextv4
c1384 c512 c30 c1048 c235 c1237 c313 c1042 c563 c341 c473 c904 c962 c1232 c621 c4 c517 c524 c179 c1291 c192 c46 c76 c391 c653 c157 c372 c386 c1198 c375 c1169 c1459 c1205 c1163 c666 c1383 c853 c592 c587 c1314 c1193 c1194 c1319 c534 c766 c754 c383 c740 c212 c1446 c1170 c1124 c660 c8 c461 c376
DaydreamSv6
c169 c1446 c1308 c708 c1042 c1292 c856 c1411 c1345 c853 c499 c736 c587 c852 c904 c517 c907 c1484 c963 c491 c271 c473 c193 c461 c382 c899 c962 c1124 c663 c383 c1262 c986 c1013 c1183 c212 c489 c657 c1295 c1170 c1322 c664 c83 c219 c531 c824 c1163 c341 c1321
MapsSv2
c41 c1170 c337 c845 c0 c852 c26 c1169 c398 c1193 c63 c144 c1446 c44 c271 c1049 c169 c1399 c121 c736 c1124 c491 c425 c1138 c738 c1456 c708 c1130 c83 c1194 c615 c1262 c1237 c1094 c697
SkyUltrav9
c26 c1308 c533 c512 c641 c4 c587 c383 c899 c313 c305 c1205 c920 c1237 c499 c1183 c1193 c960 c1094 c1324 c1124
ChromeProv4
c185 c776 c760 c955 c1319 c1451 c1308 c1194 c664 c343 c1128 c76 c527 c461 c448 c145 c383 c1459 c425 c397 c693 c1321 c970 c629 c856 c1193 c1231 c808 c592 c1124 c193 c660 c850 c956 c1314 c204 c588
OsZv8
c212 c26 c664 c956 c1308 c1205 c1295 c135 c670 c44 c999 c1257 c270 c1049 c1321 c183 c955 c533 c442 c1065 c1094 c963 c398 c1079 c527 c530 c856 c679 c907 c219 c368 c184 c740 c1484 c195 c563 c305 c1232 c986 c4 c653 c736 c1316 c271 c675 c198 c1130 c1183 c320 c55 c874 c531 c962 c899 c1198 c847
FuchsiaLitev1
c531 c1231 c920 c1251 c26 c563 c874 c1285 c83 c1308 c160 c956 c1383 c558 c1170 c663 c388 c642 c491 c653 c808 c63 c1193 c1232 c383 c1322 c529 c1055 c675 c4 c212 c800 c1205 c341 c1281 c963 c1105 c454
DriveNextv5
c0 c107 c708 c1232 c4 c1349 c1079 c1324 c670 c1198 c907 c956 c960 c999 c1446 c799 c874 c679 c1065 c1169 c675 c1295 c1094 c899 c1205 c212 c1322 c1157 c551 c135 c215 c183 c179 c454
SantaTrackerLitev5
c1308 c1484 c1105 c529 c1398 c169 c1079 c386 c1456 c382 c517 c527 c30 c1129 c953 c1193 c660 c710 c666 c653 c1499 c1183 c1384 c1294 c1434 c1253 c641 c1281 c960 c383 c608 c388 c123 c341 c1322 c854 c83 c512 c462 c1194 c212 c44
DaydreamZv6
c92 c1292 c331 c512 c55 c1183 c375 c1110 c653 c531 c461 c193 c386 c1456 c212 c341 c708 c1321 c337 c1194 c955 c737 c185 c767 c736 c1079 c1138 c663 c1169 c657 c621 c1105 c382 c1440 c1399 c612 c527 c1277 c808 c76 c1193 c44 c920 c899 c313 c561 c1042 c666 c874 c1446 c63 c1232 c587 c30 c744
ChromeZv7
c46 c677 c987 c708 c111 c856 c1048 c517 c666 c1198 c529 c383 c563 c343 c1205 c1251 c212 c801 c907 c358 c1193 c341 c95 c1058 c999 c388 c754 c615 c588 c512 c638 c135 c642 c1456 c1170 c326 c1308 c1124 c653 c1484 c736 c489 c1399 c558 c192 c874 c847 c920
DreamXv8
c313 c679 c1262 c587 c63 c852 c454 c76 c1094 c111 c874 c179 c962 c657 c1198 c653 c425 c1237 c1157 c491 c1324 c1292 c953 c920 c845 c1383 c83 c169 c726 c1183 c1446 c212 c1456 c1185 c1081 c184 c1308 c963 c531 c799 c185 c1345 c960 c483 c1285 c670 c847 c641 c121 c1295
ChromeOSMaxv2
c1324 c1205 c382 c1383 c852 c527 c1138 c1042 c1105 c1079 c533 c1193 c26 c1295 c1094 c135 c999 c1130 c653 c963 c955 c899 c1316 c179 c491 c708 c0 c1308 c270 c641 c183 c1446
WearOSProv5
c663 c1285 c215 c668 c1124 c26 c1183 c517 c1244 c664 c1094 c1205 c956 c608 c461 c1193 c760 c337 c708 c212 c1324 c4 c679
ChatZv9
c368 c558 c668 c1237 c425 c1257 c1456 c1321 c874 c1399 c526 c663 c531 c621 c179 c641 c845 c95 c383 c185 c1183 c473 c1314 c1295 c1198 c1111 c899 c986 c664 c642 c313 c736 c512 c722 c1308 c955 c1285 c1322 c1383
ScholarZv1
c1456 c491 c121 c1193 c1257 c1042 c1110 c874 c161 c847 c551 c608 c955 c368 c4 c1105 c1314 c1074 c766 c18 c722 c1324 c1058 c83 c587 c642
DrawingsUltrav1
c767 c1295 c169 c55 c638 c1193 c1456 c612 c1055 c250 c1124 c344 c383 c123 c235 c372 c850 c603 c587 c1499 c1048 c1194 c531 c83
ChatLitev7
c653 c313 c531 c4 c608 c899 c185 c44 c0 c1308 c845 c95 c736 c1170 c904 c955 c135 c527 c121 c386 c1361 c1232 c212 c512 c1237 c111 c1105 c343 c1321 c1079 c1295 c271 c767 c1198 c920 c642 c1049 c551 c526 c1124 c999 c907 c697 c425 c383 c382 c55 c195 c1456 c1470 c1067
BloggerLitev6
c326 c135 c343 c999 c212 c850 c551 c425 c4 c668 c1442 c1384 c1262 c1459 c12 c1198 c511 c531 c1205 c1074 c316 c313 c383 c987 c587 c847
AndroidUltrav5
c1324 c558 c1470 c44 c629 c1194 c1198 c383 c1484 c527 c1058 c657 c212 c529 c1170 c219 c1322 c76 c933 c515 c1321 c1183 c551 c1231 c1456 c185 c904 c1244 c512
GroupsProv1
c531 c1183 c271 c847 c949 c368 c960 c442 c963 c376 c530 c313 c1193 c1383 c183 c1124 c653 c956 c83 c1321 c533 c1138 c367 c737 c899 c215 c670 c608 c4 c44 c697 c185 c1324 c1292 c907 c63
PatentsProv3
c738 c1130 c1094 c920 c313 c530 c491 c856 c121 c533 c1042 c1383 c517 c608 c95 c1316 c1067 c874 c531 c270 c960 c670 c1257 c76 c382 c1170 c701 c44 c1198 c1281 c1308 c111 c736 c169 c850 c1237 c1157 c847
SecureLitev1
c1237 c1042 c1285 c179 c382 c920 c1138 c1198 c1169 c737 c483 c1456 c847 c960 c675 c44 c144 c999 c1321 c1194
CastOSSv8
c63 c135 c425 c856 c1232 c4 c121 c963 c55 c382 c527 c491 c1194 c169 c1257 c587 c904 c1094 c847 c219
ScholarMaxv3
c135 c4 c641 c856 c388 c462 c192 c1128 c531 c382 c670 c657 c1484 c386 c107 c1074 c754 c425 c1193 c960 c882 c1308 c1111 c675 c1048 c1169 c668 c212 c1170 c219 c1281 c27 c368 c874 c1398 c1183 c558 c1083 c169 c204 c83 c1229 c544 c708 c1480 c1321 c491 c970 
GlassOSUltrav7
c4 c1124 c563 c1110 c1170 c677 c316 c157 c1470 c632 c907 c737 c368 c675 c1383 c212 c1079 c551 c963 c425 c642 c1324 c160 c531 c63 c874 c1042 c847 c736 c268 c1244 c184 c986 c1499 c1193 c473 c850
SitesProv2
c1251 c204 c26 c144 c963 c76 c670 c874 c1193 c386 c587 c1324 c653 c107 c83 c986 c425 c1094 c1399 c382 c563 c517 c195 c442 c337 c1198 c920 c121 c531 c737 c621
ArtsSv6
c790 c383 c563 c1446 c1231 c603 c341 c515 c1111 c1353 c204 c391 c477 c776 c1308 c808 c657 c920 c145 c419 c1442 c1499 c387 c1444 c592 c693 c531 c44 c489 c235 c668 c333 
ReleaseUltrav2
c1446 c44 c1013 c0 c1145 c1111 c326 c558 c157 c874 c1345 c1194 c1129 c1049 c664 c760 c641 c708 c1456 c212 c382 c1308 c76 c489
FuchsiaZv7
c184 c563 c641 c740 c533 c1295 c1321 c1124 c587 c679 c847 c608 c491 c137 c313 c1251 c1262 c1232 c0 c179 c1361 c1456 c26 c531 c44 c701 c461 c83 c642 c1193 c845 c1324 c675 c670 c1285 c962 c1163 c271 c530 c1138 c834 c664 c454 c4 c107 c1169 c1308 c999 c907 c1170 c235 c183 c1198 c955 c76 c12 c1399
StreamNextv8
c235 c313 c962 c1257 c529 c1281 c144 c483 c1271 c1383 c1128 c1048 c668 c531 c1398 c955 c920 c708 c185 c204 c388 c899 c1446 c76 c44 c653 c1042 c193 c121 c660 c1193 c1111 c1198 c657 c92 c283 c341 c1322 c852 c1291 c1456 c111 c561 c1124
GlassOSZv2
c1384 c1079 c1163 c533 c1183 c1262 c1237 c1193 c1295 c341 c657 c641 c551 c1308 c212 c1321 c1205 c185 c1105 c563 c95 c1231 c1170
ShoppingNextv6
c955 c1183 c663 c679 c641 c1193 c204 c1308 c874 c624 c1285 c847 c1049 c1295 c963 c1074 c736 c642 c167 c425 c744 c1169 c632 c0 c235
FinanceNextv3
c527 c212 c184 c1124 c1237 c1065 c1049 c1244 c563 c856 c828 c986 c382 c491 c551 c963 c653 c701 c960 c558 c1193 c44 c375 c1079 c737 c1110 c874 c55 c499 c1285 c135 c183 c1308 c1130 c907 c1194 c1321 c531 c904 c1251 c41 c675 c664 c1446
SkyNextv7
c874 c1042 c1205 c587 c183 c920 c313 c270 c736 c955 c740 c271 c76 c1321 c193 c1163 c1399 c679 c963 c533 c169 c845 c491 c368 c1079 c1262 c4 c1049 c1308 c382 c425 c1198 c1285 c1193 c12 c1237 c135 c18 c1130 c527 c461
CodeNextv2
c853 c76 c372 c708 c157 c135 c331 c383 c642 c1451 c963 c61 c987 c955 c111 c1484 c4 c563 c477 c856 c1444 c1198 c1232
DatasetSearchUltrav4
c1163 c12 c1314 c963 c899 c920 c517 c679 c1456 c529 c736 c1384 c1169 c1383 c185 c738 c76 c657 c1308 c313 c383 c212 c1281 c1049 c1345 c1065 c642 c1484 c987 c641 c588 c1321 c1079 c283 c999 c766 c537 c608 c1446
DataSv1
c185 c641 c668 c337 c708 c425 c1193 c737 c1170 c899 c1157 c850 c1446 c907 c1194 c376 c955 c83 c963 c1049 c1316 c1130 c212 c76 c137 c1456 c382 c107 c461 c1262 c615 c663 c4 c527 c845 c320 c1067 c333 c563 c11 c1324 c442 c512 c270 c204
TranslateXv6
c1013 c387 c44 c461 c1345 c675 c526 c313 c987 c107 c1183 c738 c660 c1295 c708 c854 c169 c882 c1456 c1193
DuoMaxv4
c1237 c442 c137 c1042 c1383 c1446 c653 c531 c1130 c383 c135 c1138 c874 c679 c663 c83 c1316 c512 c799 c63 c1456 c184 c834 c1324 c641 c1163 c55 c899 c271 c755 c1257 c517 c1321 c425 c1065 c1198 c1253 c642 c530 c76
DataSv2
c1499 c12 c653 c160 c386 c483 c337 c1170 c1459 c1128 c592 c892 c962 c754 c341 c1193 c192 c920 c313 c1111 c382 c1079 c526 c1231 c1446 c808 c63 c122 c1480 c537 c1292 c621 c1308 c1105 c970 c343 c517 c1294 c185 c1464 c862 c1398 c1442 c675 c1424 c462 c1013 c368 c326 c1124 c563 c1087
DataUltrav8
c1308 c185 c1232 c563 c1194 c845 c531 c708 c1130 c1446 c517 c1193 c963 c920 c850 c1198 c587 c874 c1398 c949 c271 c219 c0 c1169 c1324 c668 c111 c425 c799 c1262
SecureProv9
c135 c107 c1042 c1321 c1399 c0 c26 c4 c12 c137 c1049 c313 c184 c899 c491 c1281 c169 c1130 c368 c121 c1170
